[22:00:04] [ServerMain/INFO]: Environment: Environment[sessionHost=https://sessionserver.mojang.com, servicesHost=https://api.minecraftservices.com, name=PROD]
[22:00:07] [ServerMain/INFO]: Loaded 1174 recipes
[22:00:07] [ServerMain/INFO]: Loaded 1271 advancements
[22:00:07] [Server thread/INFO]: Starting minecraft server version 1.20.4
[22:00:07] [Server thread/INFO]: Loading properties
[22:00:08] [Server thread/INFO]: This server is running Paper version git-Paper-497 (MC: 1.20.4) (Implementing API version 1.20.4-R0.1-SNAPSHOT) (Git: d8d54d9 on ver/1.20.4)
[22:00:09] [Server thread/INFO]: Server Ping Player Sample Count: 12
[22:00:09] [Server thread/INFO]: Using 4 threads for Netty based IO
[22:00:10] [Server thread/WARN]: [!] The timings profiler has been enabled but has been scheduled for removal from Paper in the future.
    We recommend installing the spark profiler as a replacement: https://spark.lucko.me/
    For more information please visit: https://github.com/PaperMC/Paper/issues/8948
[22:00:10] [Server thread/INFO]: [ChunkTaskScheduler] Chunk system is using 1 I/O threads, 1 worker threads, and gen parallelism of 1 threads
[22:00:11] [Server thread/INFO]: Default game type: SURVIVAL
[22:00:11] [Server thread/INFO]: Generating keypair
[22:00:11] [Server thread/INFO]: Starting Minecraft server on *:25565
[22:00:11] [Server thread/INFO]: Using epoll channel type
[22:00:11] [Server thread/INFO]: Paper: Using libdeflate (Linux x86_64) compression from Velocity.
[22:00:11] [Server thread/INFO]: Paper: Using OpenSSL 1.1.x (Linux x86_64) cipher from Velocity.
[22:00:11] [Server thread/ERROR]: [ModernPluginLoadingStrategy] Ambiguous plugin name 'MythicMobs' for files 'plugins/MythicMobs-5.8.2.jar' and 'plugins/MythicMobs-5.7.2.jar' in 'plugins'
[22:00:11] [Server thread/INFO]: [SpigotLibraryLoader] [MythicMobs] Loading 4 libraries... please wait
[22:00:12] [Server thread/INFO]: [SpigotLibraryLoader] [MythicMobs] Loaded library /workspaces/finalparadox/servidor_minecraft/libraries/net/kyori/adventure-api/4.16.0/adventure-api-4.16.0.jar
[22:00:12] [Server thread/INFO]: [SpigotLibraryLoader] [MythicMobs] Loaded library /workspaces/finalparadox/servidor_minecraft/libraries/net/kyori/adventure-key/4.16.0/adventure-key-4.16.0.jar
[22:00:12] [Server thread/INFO]: [SpigotLibraryLoader] [MythicMobs] Loaded library /workspaces/finalparadox/servidor_minecraft/libraries/net/kyori/examination-api/1.3.0/examination-api-1.3.0.jar
[22:00:12] [Server thread/INFO]: [SpigotLibraryLoader] [MythicMobs] Loaded library /workspaces/finalparadox/servidor_minecraft/libraries/net/kyori/examination-string/1.3.0/examination-string-1.3.0.jar
[22:00:12] [Server thread/INFO]: [SpigotLibraryLoader] [MythicMobs] Loaded library /workspaces/finalparadox/servidor_minecraft/libraries/org/jetbrains/annotations/24.1.0/annotations-24.1.0.jar
[22:00:12] [Server thread/INFO]: [SpigotLibraryLoader] [MythicMobs] Loaded library /workspaces/finalparadox/servidor_minecraft/libraries/net/kyori/adventure-platform-bukkit/4.3.2/adventure-platform-bukkit-4.3.2.jar
[22:00:12] [Server thread/INFO]: [SpigotLibraryLoader] [MythicMobs] Loaded library /workspaces/finalparadox/servidor_minecraft/libraries/net/kyori/adventure-platform-api/4.3.2/adventure-platform-api-4.3.2.jar
[22:00:12] [Server thread/INFO]: [SpigotLibraryLoader] [MythicMobs] Loaded library /workspaces/finalparadox/servidor_minecraft/libraries/net/kyori/adventure-text-serializer-bungeecord/4.3.2/adventure-text-serializer-bungeecord-4.3.2.jar
[22:00:12] [Server thread/INFO]: [SpigotLibraryLoader] [MythicMobs] Loaded library /workspaces/finalparadox/servidor_minecraft/libraries/net/kyori/adventure-text-serializer-legacy/4.13.1/adventure-text-serializer-legacy-4.13.1.jar
[22:00:12] [Server thread/INFO]: [SpigotLibraryLoader] [MythicMobs] Loaded library /workspaces/finalparadox/servidor_minecraft/libraries/net/kyori/adventure-nbt/4.13.1/adventure-nbt-4.13.1.jar
[22:00:12] [Server thread/INFO]: [SpigotLibraryLoader] [MythicMobs] Loaded library /workspaces/finalparadox/servidor_minecraft/libraries/net/kyori/adventure-text-serializer-gson-legacy-impl/4.13.1/adventure-text-serializer-gson-legacy-impl-4.13.1.jar
[22:00:12] [Server thread/INFO]: [SpigotLibraryLoader] [MythicMobs] Loaded library /workspaces/finalparadox/servidor_minecraft/libraries/net/kyori/adventure-platform-facet/4.3.2/adventure-platform-facet-4.3.2.jar
[22:00:12] [Server thread/INFO]: [SpigotLibraryLoader] [MythicMobs] Loaded library /workspaces/finalparadox/servidor_minecraft/libraries/net/kyori/adventure-platform-viaversion/4.3.2/adventure-platform-viaversion-4.3.2.jar
[22:00:12] [Server thread/INFO]: [SpigotLibraryLoader] [MythicMobs] Loaded library /workspaces/finalparadox/servidor_minecraft/libraries/net/kyori/adventure-text-minimessage/4.16.0/adventure-text-minimessage-4.16.0.jar
[22:00:12] [Server thread/INFO]: [SpigotLibraryLoader] [MythicMobs] Loaded library /workspaces/finalparadox/servidor_minecraft/libraries/net/kyori/adventure-text-serializer-gson/4.16.0/adventure-text-serializer-gson-4.16.0.jar
[22:00:12] [Server thread/INFO]: [SpigotLibraryLoader] [MythicMobs] Loaded library /workspaces/finalparadox/servidor_minecraft/libraries/net/kyori/adventure-text-serializer-json/4.16.0/adventure-text-serializer-json-4.16.0.jar
[22:00:12] [Server thread/INFO]: [SpigotLibraryLoader] [MythicMobs] Loaded library /workspaces/finalparadox/servidor_minecraft/libraries/net/kyori/option/1.0.0/option-1.0.0.jar
[22:00:12] [Server thread/INFO]: [SpigotLibraryLoader] [MythicMobs] Loaded library /workspaces/finalparadox/servidor_minecraft/libraries/com/google/code/gson/gson/2.8.0/gson-2.8.0.jar
[22:00:12] [Server thread/INFO]: [SpigotLibraryLoader] [ModelEngine] Loading 3 libraries... please wait
[22:00:12] [Server thread/INFO]: [SpigotLibraryLoader] [ModelEngine] Loaded library /workspaces/finalparadox/servidor_minecraft/libraries/net/kyori/adventure-api/4.14.0/adventure-api-4.14.0.jar
[22:00:12] [Server thread/INFO]: [SpigotLibraryLoader] [ModelEngine] Loaded library /workspaces/finalparadox/servidor_minecraft/libraries/net/kyori/adventure-key/4.14.0/adventure-key-4.14.0.jar
[22:00:12] [Server thread/INFO]: [SpigotLibraryLoader] [ModelEngine] Loaded library /workspaces/finalparadox/servidor_minecraft/libraries/net/kyori/examination-api/1.3.0/examination-api-1.3.0.jar
[22:00:12] [Server thread/INFO]: [SpigotLibraryLoader] [ModelEngine] Loaded library /workspaces/finalparadox/servidor_minecraft/libraries/net/kyori/examination-string/1.3.0/examination-string-1.3.0.jar
[22:00:12] [Server thread/INFO]: [SpigotLibraryLoader] [ModelEngine] Loaded library /workspaces/finalparadox/servidor_minecraft/libraries/org/jetbrains/annotations/24.0.1/annotations-24.0.1.jar
[22:00:12] [Server thread/INFO]: [SpigotLibraryLoader] [ModelEngine] Loaded library /workspaces/finalparadox/servidor_minecraft/libraries/net/kyori/adventure-text-serializer-gson/4.14.0/adventure-text-serializer-gson-4.14.0.jar
[22:00:12] [Server thread/INFO]: [SpigotLibraryLoader] [ModelEngine] Loaded library /workspaces/finalparadox/servidor_minecraft/libraries/net/kyori/adventure-text-serializer-json/4.14.0/adventure-text-serializer-json-4.14.0.jar
[22:00:12] [Server thread/INFO]: [SpigotLibraryLoader] [ModelEngine] Loaded library /workspaces/finalparadox/servidor_minecraft/libraries/com/google/code/gson/gson/2.8.0/gson-2.8.0.jar
[22:00:12] [Server thread/INFO]: [SpigotLibraryLoader] [ModelEngine] Loaded library /workspaces/finalparadox/servidor_minecraft/libraries/net/kyori/adventure-text-serializer-bungeecord/4.3.0/adventure-text-serializer-bungeecord-4.3.0.jar
[22:00:12] [Server thread/INFO]: [SpigotLibraryLoader] [ModelEngine] Loaded library /workspaces/finalparadox/servidor_minecraft/libraries/net/kyori/adventure-text-serializer-legacy/4.13.0/adventure-text-serializer-legacy-4.13.0.jar
[22:00:12] [Server thread/INFO]: [SpigotLibraryLoader] [SCore] Loading 1 libraries... please wait
[22:00:13] [Server thread/INFO]: [SpigotLibraryLoader] [SCore] Loaded library /workspaces/finalparadox/servidor_minecraft/libraries/io/netty/netty-all/4.1.118.Final/netty-all-4.1.118.Final.jar
[22:00:13] [Server thread/INFO]: [SpigotLibraryLoader] [SCore] Loaded library /workspaces/finalparadox/servidor_minecraft/libraries/io/netty/netty-buffer/4.1.118.Final/netty-buffer-4.1.118.Final.jar
[22:00:13] [Server thread/INFO]: [SpigotLibraryLoader] [SCore] Loaded library /workspaces/finalparadox/servidor_minecraft/libraries/io/netty/netty-codec/4.1.118.Final/netty-codec-4.1.118.Final.jar
[22:00:13] [Server thread/INFO]: [SpigotLibraryLoader] [SCore] Loaded library /workspaces/finalparadox/servidor_minecraft/libraries/io/netty/netty-codec-dns/4.1.118.Final/netty-codec-dns-4.1.118.Final.jar
[22:00:13] [Server thread/INFO]: [SpigotLibraryLoader] [SCore] Loaded library /workspaces/finalparadox/servidor_minecraft/libraries/io/netty/netty-codec-haproxy/4.1.118.Final/netty-codec-haproxy-4.1.118.Final.jar
[22:00:13] [Server thread/INFO]: [SpigotLibraryLoader] [SCore] Loaded library /workspaces/finalparadox/servidor_minecraft/libraries/io/netty/netty-codec-http/4.1.118.Final/netty-codec-http-4.1.118.Final.jar
[22:00:13] [Server thread/INFO]: [SpigotLibraryLoader] [SCore] Loaded library /workspaces/finalparadox/servidor_minecraft/libraries/io/netty/netty-codec-http2/4.1.118.Final/netty-codec-http2-4.1.118.Final.jar
[22:00:13] [Server thread/INFO]: [SpigotLibraryLoader] [SCore] Loaded library /workspaces/finalparadox/servidor_minecraft/libraries/io/netty/netty-codec-memcache/4.1.118.Final/netty-codec-memcache-4.1.118.Final.jar
[22:00:13] [Server thread/INFO]: [SpigotLibraryLoader] [SCore] Loaded library /workspaces/finalparadox/servidor_minecraft/libraries/io/netty/netty-codec-mqtt/4.1.118.Final/netty-codec-mqtt-4.1.118.Final.jar
[22:00:13] [Server thread/INFO]: [SpigotLibraryLoader] [SCore] Loaded library /workspaces/finalparadox/servidor_minecraft/libraries/io/netty/netty-codec-redis/4.1.118.Final/netty-codec-redis-4.1.118.Final.jar
[22:00:13] [Server thread/INFO]: [SpigotLibraryLoader] [SCore] Loaded library /workspaces/finalparadox/servidor_minecraft/libraries/io/netty/netty-codec-smtp/4.1.118.Final/netty-codec-smtp-4.1.118.Final.jar
[22:00:13] [Server thread/INFO]: [SpigotLibraryLoader] [SCore] Loaded library /workspaces/finalparadox/servidor_minecraft/libraries/io/netty/netty-codec-socks/4.1.118.Final/netty-codec-socks-4.1.118.Final.jar
[22:00:13] [Server thread/INFO]: [SpigotLibraryLoader] [SCore] Loaded library /workspaces/finalparadox/servidor_minecraft/libraries/io/netty/netty-codec-stomp/4.1.118.Final/netty-codec-stomp-4.1.118.Final.jar
[22:00:13] [Server thread/INFO]: [SpigotLibraryLoader] [SCore] Loaded library /workspaces/finalparadox/servidor_minecraft/libraries/io/netty/netty-codec-xml/4.1.118.Final/netty-codec-xml-4.1.118.Final.jar
[22:00:13] [Server thread/INFO]: [SpigotLibraryLoader] [SCore] Loaded library /workspaces/finalparadox/servidor_minecraft/libraries/io/netty/netty-common/4.1.118.Final/netty-common-4.1.118.Final.jar
[22:00:13] [Server thread/INFO]: [SpigotLibraryLoader] [SCore] Loaded library /workspaces/finalparadox/servidor_minecraft/libraries/io/netty/netty-handler/4.1.118.Final/netty-handler-4.1.118.Final.jar
[22:00:13] [Server thread/INFO]: [SpigotLibraryLoader] [SCore] Loaded library /workspaces/finalparadox/servidor_minecraft/libraries/io/netty/netty-transport-native-unix-common/4.1.118.Final/netty-transport-native-unix-common-4.1.118.Final.jar
[22:00:13] [Server thread/INFO]: [SpigotLibraryLoader] [SCore] Loaded library /workspaces/finalparadox/servidor_minecraft/libraries/io/netty/netty-handler-proxy/4.1.118.Final/netty-handler-proxy-4.1.118.Final.jar
[22:00:13] [Server thread/INFO]: [SpigotLibraryLoader] [SCore] Loaded library /workspaces/finalparadox/servidor_minecraft/libraries/io/netty/netty-handler-ssl-ocsp/4.1.118.Final/netty-handler-ssl-ocsp-4.1.118.Final.jar
[22:00:13] [Server thread/INFO]: [SpigotLibraryLoader] [SCore] Loaded library /workspaces/finalparadox/servidor_minecraft/libraries/io/netty/netty-resolver/4.1.118.Final/netty-resolver-4.1.118.Final.jar
[22:00:13] [Server thread/INFO]: [SpigotLibraryLoader] [SCore] Loaded library /workspaces/finalparadox/servidor_minecraft/libraries/io/netty/netty-resolver-dns/4.1.118.Final/netty-resolver-dns-4.1.118.Final.jar
[22:00:13] [Server thread/INFO]: [SpigotLibraryLoader] [SCore] Loaded library /workspaces/finalparadox/servidor_minecraft/libraries/io/netty/netty-transport/4.1.118.Final/netty-transport-4.1.118.Final.jar
[22:00:13] [Server thread/INFO]: [SpigotLibraryLoader] [SCore] Loaded library /workspaces/finalparadox/servidor_minecraft/libraries/io/netty/netty-transport-rxtx/4.1.118.Final/netty-transport-rxtx-4.1.118.Final.jar
[22:00:13] [Server thread/INFO]: [SpigotLibraryLoader] [SCore] Loaded library /workspaces/finalparadox/servidor_minecraft/libraries/io/netty/netty-transport-sctp/4.1.118.Final/netty-transport-sctp-4.1.118.Final.jar
[22:00:13] [Server thread/INFO]: [SpigotLibraryLoader] [SCore] Loaded library /workspaces/finalparadox/servidor_minecraft/libraries/io/netty/netty-transport-udt/4.1.118.Final/netty-transport-udt-4.1.118.Final.jar
[22:00:13] [Server thread/INFO]: [SpigotLibraryLoader] [SCore] Loaded library /workspaces/finalparadox/servidor_minecraft/libraries/io/netty/netty-transport-classes-epoll/4.1.118.Final/netty-transport-classes-epoll-4.1.118.Final.jar
[22:00:13] [Server thread/INFO]: [SpigotLibraryLoader] [SCore] Loaded library /workspaces/finalparadox/servidor_minecraft/libraries/io/netty/netty-transport-classes-kqueue/4.1.118.Final/netty-transport-classes-kqueue-4.1.118.Final.jar
[22:00:13] [Server thread/INFO]: [SpigotLibraryLoader] [SCore] Loaded library /workspaces/finalparadox/servidor_minecraft/libraries/io/netty/netty-resolver-dns-classes-macos/4.1.118.Final/netty-resolver-dns-classes-macos-4.1.118.Final.jar
[22:00:13] [Server thread/INFO]: [SpigotLibraryLoader] [SCore] Loaded library /workspaces/finalparadox/servidor_minecraft/libraries/io/netty/netty-transport-native-epoll/4.1.118.Final/netty-transport-native-epoll-4.1.118.Final-linux-x86_64.jar
[22:00:13] [Server thread/INFO]: [SpigotLibraryLoader] [SCore] Loaded library /workspaces/finalparadox/servidor_minecraft/libraries/io/netty/netty-transport-native-epoll/4.1.118.Final/netty-transport-native-epoll-4.1.118.Final-linux-aarch_64.jar
[22:00:13] [Server thread/INFO]: [SpigotLibraryLoader] [SCore] Loaded library /workspaces/finalparadox/servidor_minecraft/libraries/io/netty/netty-transport-native-epoll/4.1.118.Final/netty-transport-native-epoll-4.1.118.Final-linux-riscv64.jar
[22:00:13] [Server thread/INFO]: [SpigotLibraryLoader] [SCore] Loaded library /workspaces/finalparadox/servidor_minecraft/libraries/io/netty/netty-transport-native-kqueue/4.1.118.Final/netty-transport-native-kqueue-4.1.118.Final-osx-x86_64.jar
[22:00:13] [Server thread/INFO]: [SpigotLibraryLoader] [SCore] Loaded library /workspaces/finalparadox/servidor_minecraft/libraries/io/netty/netty-transport-native-kqueue/4.1.118.Final/netty-transport-native-kqueue-4.1.118.Final-osx-aarch_64.jar
[22:00:13] [Server thread/INFO]: [SpigotLibraryLoader] [SCore] Loaded library /workspaces/finalparadox/servidor_minecraft/libraries/io/netty/netty-resolver-dns-native-macos/4.1.118.Final/netty-resolver-dns-native-macos-4.1.118.Final-osx-x86_64.jar
[22:00:13] [Server thread/INFO]: [SpigotLibraryLoader] [SCore] Loaded library /workspaces/finalparadox/servidor_minecraft/libraries/io/netty/netty-resolver-dns-native-macos/4.1.118.Final/netty-resolver-dns-native-macos-4.1.118.Final-osx-aarch_64.jar
[22:00:13] [Server thread/INFO]: [SpigotLibraryLoader] [Oraxen] Loading 10 libraries... please wait
[22:00:13] [Server thread/INFO]: [SpigotLibraryLoader] [Oraxen] Loaded library /workspaces/finalparadox/servidor_minecraft/libraries/org/springframework/spring-expression/6.0.6/spring-expression-6.0.6.jar
[22:00:13] [Server thread/INFO]: [SpigotLibraryLoader] [Oraxen] Loaded library /workspaces/finalparadox/servidor_minecraft/libraries/org/springframework/spring-core/6.0.6/spring-core-6.0.6.jar
[22:00:13] [Server thread/INFO]: [SpigotLibraryLoader] [Oraxen] Loaded library /workspaces/finalparadox/servidor_minecraft/libraries/org/springframework/spring-jcl/6.0.6/spring-jcl-6.0.6.jar
[22:00:13] [Server thread/INFO]: [SpigotLibraryLoader] [Oraxen] Loaded library /workspaces/finalparadox/servidor_minecraft/libraries/org/apache/httpcomponents/httpmime/4.5.13/httpmime-4.5.13.jar
[22:00:13] [Server thread/INFO]: [SpigotLibraryLoader] [Oraxen] Loaded library /workspaces/finalparadox/servidor_minecraft/libraries/org/apache/httpcomponents/httpclient/4.5.13/httpclient-4.5.13.jar
[22:00:13] [Server thread/INFO]: [SpigotLibraryLoader] [Oraxen] Loaded library /workspaces/finalparadox/servidor_minecraft/libraries/org/apache/httpcomponents/httpcore/4.4.13/httpcore-4.4.13.jar
[22:00:13] [Server thread/INFO]: [SpigotLibraryLoader] [Oraxen] Loaded library /workspaces/finalparadox/servidor_minecraft/libraries/commons-logging/commons-logging/1.2/commons-logging-1.2.jar
[22:00:13] [Server thread/INFO]: [SpigotLibraryLoader] [Oraxen] Loaded library /workspaces/finalparadox/servidor_minecraft/libraries/commons-codec/commons-codec/1.11/commons-codec-1.11.jar
[22:00:13] [Server thread/INFO]: [SpigotLibraryLoader] [Oraxen] Loaded library /workspaces/finalparadox/servidor_minecraft/libraries/org/joml/joml/1.10.5/joml-1.10.5.jar
[22:00:13] [Server thread/INFO]: [SpigotLibraryLoader] [Oraxen] Loaded library /workspaces/finalparadox/servidor_minecraft/libraries/net/kyori/adventure-text-minimessage/4.17.0/adventure-text-minimessage-4.17.0.jar
[22:00:13] [Server thread/INFO]: [SpigotLibraryLoader] [Oraxen] Loaded library /workspaces/finalparadox/servidor_minecraft/libraries/net/kyori/adventure-api/4.17.0/adventure-api-4.17.0.jar
[22:00:13] [Server thread/INFO]: [SpigotLibraryLoader] [Oraxen] Loaded library /workspaces/finalparadox/servidor_minecraft/libraries/net/kyori/adventure-key/4.17.0/adventure-key-4.17.0.jar
[22:00:13] [Server thread/INFO]: [SpigotLibraryLoader] [Oraxen] Loaded library /workspaces/finalparadox/servidor_minecraft/libraries/net/kyori/examination-api/1.3.0/examination-api-1.3.0.jar
[22:00:13] [Server thread/INFO]: [SpigotLibraryLoader] [Oraxen] Loaded library /workspaces/finalparadox/servidor_minecraft/libraries/net/kyori/examination-string/1.3.0/examination-string-1.3.0.jar
[22:00:13] [Server thread/INFO]: [SpigotLibraryLoader] [Oraxen] Loaded library /workspaces/finalparadox/servidor_minecraft/libraries/org/jetbrains/annotations/24.1.0/annotations-24.1.0.jar
[22:00:13] [Server thread/INFO]: [SpigotLibraryLoader] [Oraxen] Loaded library /workspaces/finalparadox/servidor_minecraft/libraries/net/kyori/adventure-text-serializer-plain/4.17.0/adventure-text-serializer-plain-4.17.0.jar
[22:00:13] [Server thread/INFO]: [SpigotLibraryLoader] [Oraxen] Loaded library /workspaces/finalparadox/servidor_minecraft/libraries/net/kyori/adventure-text-serializer-ansi/4.17.0/adventure-text-serializer-ansi-4.17.0.jar
[22:00:13] [Server thread/INFO]: [SpigotLibraryLoader] [Oraxen] Loaded library /workspaces/finalparadox/servidor_minecraft/libraries/net/kyori/ansi/1.0.3/ansi-1.0.3.jar
[22:00:13] [Server thread/INFO]: [SpigotLibraryLoader] [Oraxen] Loaded library /workspaces/finalparadox/servidor_minecraft/libraries/net/kyori/adventure-platform-bukkit/4.3.3/adventure-platform-bukkit-4.3.3.jar
[22:00:13] [Server thread/INFO]: [SpigotLibraryLoader] [Oraxen] Loaded library /workspaces/finalparadox/servidor_minecraft/libraries/net/kyori/adventure-platform-api/4.3.3/adventure-platform-api-4.3.3.jar
[22:00:13] [Server thread/INFO]: [SpigotLibraryLoader] [Oraxen] Loaded library /workspaces/finalparadox/servidor_minecraft/libraries/net/kyori/adventure-text-serializer-bungeecord/4.3.3/adventure-text-serializer-bungeecord-4.3.3.jar
[22:00:13] [Server thread/INFO]: [SpigotLibraryLoader] [Oraxen] Loaded library /workspaces/finalparadox/servidor_minecraft/libraries/net/kyori/adventure-text-serializer-legacy/4.13.1/adventure-text-serializer-legacy-4.13.1.jar
[22:00:13] [Server thread/INFO]: [SpigotLibraryLoader] [Oraxen] Loaded library /workspaces/finalparadox/servidor_minecraft/libraries/net/kyori/adventure-nbt/4.13.1/adventure-nbt-4.13.1.jar
[22:00:13] [Server thread/INFO]: [SpigotLibraryLoader] [Oraxen] Loaded library /workspaces/finalparadox/servidor_minecraft/libraries/net/kyori/adventure-text-serializer-gson/4.13.1/adventure-text-serializer-gson-4.13.1.jar
[22:00:13] [Server thread/INFO]: [SpigotLibraryLoader] [Oraxen] Loaded library /workspaces/finalparadox/servidor_minecraft/libraries/net/kyori/adventure-text-serializer-gson-legacy-impl/4.13.1/adventure-text-serializer-gson-legacy-impl-4.13.1.jar
[22:00:13] [Server thread/INFO]: [SpigotLibraryLoader] [Oraxen] Loaded library /workspaces/finalparadox/servidor_minecraft/libraries/net/kyori/adventure-platform-facet/4.3.3/adventure-platform-facet-4.3.3.jar
[22:00:13] [Server thread/INFO]: [SpigotLibraryLoader] [Oraxen] Loaded library /workspaces/finalparadox/servidor_minecraft/libraries/net/kyori/adventure-platform-viaversion/4.3.3/adventure-platform-viaversion-4.3.3.jar
[22:00:13] [Server thread/INFO]: [SpigotLibraryLoader] [Oraxen] Loaded library /workspaces/finalparadox/servidor_minecraft/libraries/com/google/code/gson/gson/2.10.1/gson-2.10.1.jar
[22:00:13] [Server thread/INFO]: [SpigotLibraryLoader] [Oraxen] Loaded library /workspaces/finalparadox/servidor_minecraft/libraries/org/apache/commons/commons-lang3/3.14.0/commons-lang3-3.14.0.jar
[22:00:13] [Server thread/INFO]: [SpigotLibraryLoader] [Oraxen] Loaded library /workspaces/finalparadox/servidor_minecraft/libraries/gs/mclo/java/2.2.1/java-2.2.1.jar
[22:00:13] [Server thread/INFO]: [MythicMobs] Loading server plugin MythicMobs v5.8.2-6a2683d7
[22:00:13] [Server thread/INFO]: [LumineUtils] (io.lumine.mythic.bukkit.utils.) is bound to plugin MythicMobs - io.lumine.mythic.bukkit.MythicBukkit
[22:00:13] [Server thread/INFO]: [MythicMobs] §x§f§f§0§0§0§0M§x§f§f§6§6§0§0y§x§f§f§c§c§0§0t§x§c§b§f§f§0§0h§x§6§5§f§f§0§0i§x§0§0§f§f§0§0c§x§0§0§f§f§6§6 §x§0§0§f§f§c§bE§x§0§0§c§b§f§fn§x§0§0§6§5§f§fa§x§0§0§0§0§f§fb§x§6§6§0§0§f§fl§x§c§c§0§0§f§fe§x§f§f§0§0§c§cd§x§f§f§0§0§6§6!
[22:00:13] [Server thread/INFO]: [ProtocolLib] Loading server plugin ProtocolLib v5.3.0
[22:00:13] [Server thread/INFO]: [MythicCrucible] Loading server plugin MythicCrucible v2.1.0
[22:00:13] [Server thread/INFO]: [ModelEngine] Loading server plugin ModelEngine vR4.0.8
[22:00:13] [Server thread/INFO]: [MythicLib] Loading server plugin MythicLib v1.7
[22:00:13] [Server thread/INFO]: [MythicLib] Plugin file is called 'MythicLib-1.7.jar'
[22:00:13] [Server thread/INFO]: [MythicLib] Detected Bukkit Version: v1_20_R3
[22:00:13] [Server thread/INFO]: [SCore] Loading server plugin SCore v5.25.5.9
[22:00:13] [Server thread/INFO]: [Oraxen] Loading server plugin Oraxen v1.177.0
[22:00:13] [Server thread/INFO]: [AriKeys] Loading server plugin AriKeys v3.1
[22:00:13] [Server thread/INFO]: Server permissions file permissions.yml is empty, ignoring it
[22:00:13] [Server thread/INFO]: [ProtocolLib] Enabling ProtocolLib v5.3.0
[22:00:13] [Server thread/INFO]: [ModelEngine] Enabling ModelEngine vR4.0.8
[22:00:14] [Server thread/INFO]: [ModelEngine] [S] Loading cache version: R4.0.8
[22:00:14] [Server thread/WARN]: **** SERVER IS RUNNING IN OFFLINE/INSECURE MODE!
[22:00:14] [Server thread/WARN]: The server will make no attempt to authenticate usernames. Beware.
[22:00:14] [Server thread/WARN]: While this makes the game possible to play without internet access, it also opens up the ability for hackers to connect with any username they choose.
[22:00:14] [Server thread/WARN]: To change this, set "online-mode" to "true" in the server.properties file.
[22:00:14] [Server thread/INFO]: Preparing level "world"
[22:00:15] [Server thread/INFO]: Preparing start region for dimension minecraft:overworld
[22:00:17] [Server thread/INFO]: Time elapsed: 2347 ms
[22:00:17] [Server thread/INFO]: Preparing start region for dimension minecraft:the_nether
[22:00:17] [Server thread/INFO]: Time elapsed: 137 ms
[22:00:17] [Server thread/INFO]: Preparing start region for dimension minecraft:the_end
[22:00:17] [Server thread/INFO]: Time elapsed: 136 ms
[22:00:17] [Server thread/INFO]: [MythicMobs] Enabling MythicMobs v5.8.2-6a2683d7
[22:00:17] [Server thread/INFO]: [MythicMobs] Loading MythicMobs for Paper (MC: 1.20.4)...
[22:00:17] [Server thread/INFO]: [MythicMobs] The server is running Paper; enabled Paper exclusive functionality
[22:00:22] [Server thread/INFO]: [MythicMobs] Mythic AriKeys Support has been enabled!
[22:00:22] [Server thread/INFO]: [MythicMobs] Base directory /workspaces/finalparadox/servidor_minecraft/plugins/MythicMobs/data
[22:00:22] [Server thread/INFO]: [MythicMobs] Module directory /workspaces/finalparadox/servidor_minecraft/plugins/MythicMobs/data/worlds
[22:00:27] [Server thread/INFO]: [MythicMobs] Loading Packs...
[22:00:27] [Server thread/INFO]: [MythicMobs] Loading Items...
[22:00:28] [Server thread/INFO]: [MythicMobs] Loading Item Groups...
[22:00:28] [Server thread/INFO]: [MythicMobs] Loading Skills...
[22:00:28] [Server thread/INFO]: [MythicMobs] Loading Drop Tables...
[22:00:28] [Server thread/INFO]: [MythicMobs] Loading Random Spawns...
[22:00:28] [Server thread/INFO]: [MythicMobs] Loading Spawn Blocks...
[22:00:28] [Server thread/INFO]: [MythicMobs] ✓ Loaded 12 mobs.
[22:00:28] [Server thread/INFO]: [MythicMobs] ✓ Loaded 3 vanilla mob overrides.
[22:00:28] [Server thread/INFO]: [MythicMobs] ✓ Loaded 0 mob stacks.
[22:00:28] [Server thread/INFO]: [MythicMobs] ✓ Loaded 9 skills.
[22:00:28] [Server thread/INFO]: [MythicMobs] ✓ Loaded 0 random spawns.
[22:00:28] [Server thread/INFO]: [MythicMobs] ✓ Loaded 12 mythic items.
[22:00:28] [Server thread/INFO]: [MythicMobs] ✓ Loaded 2 drop tables.
[22:00:28] [Server thread/INFO]: [MythicMobs] ✓ Loaded 0 mob spawners.
[22:00:28] [Server thread/INFO]: [MythicMobs] MythicMobs configuration file loaded successfully.
[22:00:29] [Server thread/INFO]: [MythicMobs] Started up bStats Metrics
[22:00:29] [Server thread/INFO]: [MythicMobs] ✓ MythicMobs Premium v5.8.2 ( build 6a2683d7 ) has been successfully loaded!
[22:00:30] [Server thread/INFO]: [MythicMobs] Model Engine Compatibility Loaded.
[22:00:30] [Server thread/INFO]: [ModelEngine] [S] Compatibility applied: MythicMobs
[22:00:30] [Server thread/INFO]: [MythicCrucible] Enabling MythicCrucible v2.1.0
[22:00:30] [Server thread/INFO]: [MythicMobs] §6------------------------------------------------
[22:00:30] [Server thread/INFO]: [MythicMobs] §b+ Loading MythicCrucible for Bukkit
[22:00:30] [Server thread/INFO]: [MythicMobs] §6------------------------------------------------
[22:00:30] [Server thread/INFO]: [MythicMobs] Registering Durability Listener
[22:00:41] [Server thread/INFO]: [MythicMobs] Started up bStats Metrics
[22:00:41] [Server thread/INFO]: [MythicMobs] MythicCrucible Support has been enabled!
[22:00:41] [Server thread/WARN]: [MythicMobs] ✗ Configuration Error in Mechanic metaskill
[22:00:41] [Server thread/WARN]: [MythicMobs] --| Skill: plasma_sword | File: /workspaces/finalparadox/servidor_minecraft/plugins/MythicMobs/items/plasma_sword.yml
[22:00:41] [Server thread/WARN]: [MythicMobs] --| Error Message: Could not find MetaSkill PlasmaSweep
[22:00:41] [Server thread/WARN]: [MythicMobs] --| Mechanic Line: skill{skill=PlasmaSweep;cooldown=1}
[22:00:41] [Server thread/INFO]: [MythicMobs] Attached traits to items.
[22:00:41] [Server thread/INFO]: [MythicMobs] Loaded 12 items.
[22:00:41] [Server thread/INFO]: [MythicMobs] ✓ MythicCrucible  v2.1.0 has been successfully loaded!
[22:00:41] [Server thread/INFO]: [MythicLib] Enabling MythicLib v1.7
[22:00:41] [Server thread/INFO]: [MythicLib] Hooked onto TextDisplays (holograms)
[22:00:41] [Server thread/INFO]: [MythicMobs] MMO Plugin Support has been enabled!
[22:00:41] [Server thread/INFO]: [MythicLib] Hooked onto MythicMobs
[22:00:41] [Server thread/INFO]: [MythicLib] Hooked onto ProtocolLib
[22:00:42] [Server thread/INFO]: Environment: Environment[sessionHost=https://sessionserver.mojang.com, servicesHost=https://api.minecraftservices.com, name=PROD]
[22:00:42] [Server thread/INFO]: [SCore] Enabling SCore v5.25.5.9
[22:00:42] [Server thread/INFO]: SCore The library part of SCore is initializing ... (by SCore)
[22:00:42] [Server thread/INFO]: SCore ProtocolLib hooked !
[22:00:42] [Server thread/INFO]: SCore Locale setup: EN
[22:00:42] [Server thread/INFO]: SCore MythicMobs hooked !  (5.8.2-6a2683d7)  Load Before
[22:00:42] [Server thread/INFO]: SCore Oraxen hooked !  (1.177.0) Load After
[22:00:42] [Server thread/INFO]: SCore Language of the editor setup on EN
[22:00:42] [Server thread/INFO]: SCore will connect to the database hosted: In Local
[22:00:42] [Server thread/INFO]: SCore Connection to the db...
[22:00:42] [Server thread/INFO]: SCore will connect to the database hosted: In Local
[22:00:42] [Server thread/INFO]: SCore Creating table SecurityOP if not exists...
[22:00:42] [Server thread/INFO]: SCore Creating table Commands if not exists...
[22:00:42] [Server thread/INFO]: SCore Creating table Cooldowns if not exists...
[22:00:42] [Server thread/INFO]: SCore Creating table Commands Player if not exists...
[22:00:42] [Server thread/INFO]: SCore Creating table Commands Entity if not exists...
[22:00:42] [Server thread/INFO]: SCore Creating table Commands Block if not exists...
[22:00:42] [Server thread/INFO]: SCore Creating table UsePerDay if not exists...
[22:00:42] [Server thread/INFO]: SCore SCore loaded 0 delayed commands saved
[22:00:42] [Server thread/INFO]: ================ SCore ================
[22:00:42] [Server thread/INFO]: SCore is running on Folia
[22:00:42] [Server thread/INFO]: SCore is running on Paper or fork
[22:00:42] [Server thread/INFO]: SCore Version of the server git-Paper-497 (MC: 1.20.4) !
[22:00:42] [Server thread/INFO]: SCore Language for in-game messages setup on EN
[22:00:43] [Server thread/INFO]: SCore SCore loaded 1 variables from local files !
[22:00:43] [Server thread/INFO]: ================ SCore ================
[22:00:43] [Server thread/INFO]: [Oraxen] Enabling Oraxen v1.177.0
[22:00:43] [Server thread/INFO]: Oraxen | Version v1_20_R3 has been detected.
[22:00:43] [Server thread/INFO]: Oraxen | Oraxen will use the NMSHandler for this version.
[22:00:44] [Server thread/INFO]: Oraxen | Papers block-updates.disable-noteblock-updates is not enabled.
[22:00:44] [Server thread/INFO]: Oraxen | It is recommended to enable this setting for improved performance and prevent bugs with noteblocks
[22:00:44] [Server thread/INFO]: Oraxen | Otherwise Oraxen needs to listen to very taxing events, which also introduces some bugs
[22:00:44] [Server thread/INFO]: Oraxen | You can enable this setting in ServerFolder/config/paper-global.yml

[22:00:44] [Server thread/INFO]: Oraxen | Papers block-updates.disable-tripwire-updates is not enabled.
[22:00:44] [Server thread/INFO]: Oraxen | It is recommended to enable this setting for improved performance and prevent bugs with tripwires
[22:00:44] [Server thread/INFO]: Oraxen | Otherwise Oraxen needs to listen to very taxing events, which also introduces some bugs
[22:00:44] [Server thread/INFO]: Oraxen | You can enable this setting in ServerFolder/config/paper-global.yml

[22:00:44] [Server thread/INFO]: Oraxen | Slicing gui-textures to 1.20.2-format...
[22:00:44] [Server thread/INFO]: Oraxen | Successfully sliced gui-textures for 1.20.2
[22:00:44] [Server thread/INFO]: Oraxen | Converting global lang file to individual language files...
[22:00:45] [Server thread/INFO]: Oraxen | Verifying formatting for textures and models...
[22:00:45] [Server thread/INFO]: Oraxen | No broken models or textures were found in the resourcepack

[22:00:45] [Server thread/INFO]: Oraxen | Generating atlas-file for 1.19.3+ Resource Pack format
[22:00:45] [Server thread/INFO]: 
[22:00:45] [Server thread/INFO]: Oraxen | No duplicate font files found!
[22:00:45] [Server thread/INFO]: 
[22:00:45] [Server thread/INFO]: Oraxen | Successfully loaded on Ubuntu 20.04.6 LTS (focal)
[22:00:45] [Server thread/INFO]: Oraxen | Plugin "MythicMobs" detected, enabling hooks
[22:00:45] [Server thread/INFO]: [AriKeys] Enabling AriKeys v3.1
[22:00:45] [Server thread/INFO]: Running delayed init tasks
[22:00:45] [Craft Scheduler Thread - 5 - ModelEngine/INFO]: [ModelEngine] [A] 
[22:00:45] [Craft Scheduler Thread - 5 - ModelEngine/INFO]: [ModelEngine] [A] [Importing models]
[22:00:45] [Craft Scheduler Thread - 5 - ModelEngine/INFO]: [ModelEngine] [A] Loading cache version: R4.0.8
[22:00:45] [ForkJoinPool-1-worker-1/INFO]: [ModelEngine] [A] 
[22:00:45] [ForkJoinPool-1-worker-1/INFO]: [ModelEngine] [A] Importing vfx_plasma_slash.bbmodel.
[22:00:45] [ForkJoinPool-1-worker-1/WARN]: [ModelEngine] [A] --Warning: Missing hitbox.
[22:00:45] [Craft Scheduler Thread - 5 - ModelEngine/INFO]: [ModelEngine] [A] 
[22:00:45] [Craft Scheduler Thread - 5 - ModelEngine/INFO]: [ModelEngine] [A] Resource pack zipped.
[22:00:45] [Craft Scheduler Thread - 5 - ModelEngine/INFO]: [ModelEngine] [A] Generator Profiled:
[22:00:45] [Craft Scheduler Thread - 5 - ModelEngine/INFO]: [ModelEngine] [A]  - Import Phase: 133.6ms
[22:00:45] [Craft Scheduler Thread - 5 - ModelEngine/INFO]: [ModelEngine] [A]  - Assets Phase: 43.1ms
[22:00:45] [Craft Scheduler Thread - 5 - ModelEngine/INFO]: [ModelEngine] [A]  - Zipping Phase: 38.8ms
[22:00:46] [Server thread/INFO]: Loaded 1174 recipes
[22:00:46] [Server thread/INFO]: Loaded 1271 advancements
[22:00:46] [Server thread/INFO]: Done (38.918s)! For help, type "help"
[22:00:46] [Server thread/INFO]: Timings Reset
[22:00:46] [Craft Scheduler Thread - 5 - Oraxen/INFO]: Oraxen | Automatic upload of the resource pack is enabled, uploading...
[22:00:48] [Server thread/INFO]: [MythicMobs] Loading ProtocolLib listeners...
[22:00:48] [Craft Scheduler Thread - 5 - Oraxen/INFO]: Oraxen | Resourcepack uploaded to http://atlas.oraxen.com:8080/pack.zip?id=c252f5fc4aad435af147d74f4d2dfb46a00a954f in 1791 ms
[22:00:50] [Craft Scheduler Thread - 9 - MythicMobs/INFO]: [Generation] Starting Pack Generator...
[22:00:50] [Craft Scheduler Thread - 9 - MythicMobs/INFO]: [Generation] Processing ModelEngine Pack...
[22:00:50] [Craft Scheduler Thread - 9 - MythicMobs/ERROR]: [MythicMobs] [SCHEDULER] Exception thrown whilst executing task
[22:00:50] [Craft Scheduler Thread - 9 - MythicMobs/WARN]: java.lang.NullPointerException: Cannot invoke "com.google.gson.JsonElement.getAsString()" because the return value of "com.google.gson.JsonObject.get(String)" is null
[22:00:50] [Craft Scheduler Thread - 9 - MythicMobs/WARN]: 	at MythicCrucible-2.1.0.jar//io.lumine.mythiccrucible.generation.serialization.AtlasWrapper$SourceDeserializer.deserialize(AtlasWrapper.java:50)
[22:00:50] [Craft Scheduler Thread - 9 - MythicMobs/WARN]: 	at MythicCrucible-2.1.0.jar//io.lumine.mythiccrucible.generation.serialization.AtlasWrapper$SourceDeserializer.deserialize(AtlasWrapper.java:45)
[22:00:50] [Craft Scheduler Thread - 9 - MythicMobs/WARN]: 	at com.google.gson.internal.bind.TreeTypeAdapter.read(TreeTypeAdapter.java:76)
[22:00:50] [Craft Scheduler Thread - 9 - MythicMobs/WARN]: 	at com.google.gson.internal.bind.TypeAdapterRuntimeTypeWrapper.read(TypeAdapterRuntimeTypeWrapper.java:40)
[22:00:50] [Craft Scheduler Thread - 9 - MythicMobs/WARN]: 	at com.google.gson.internal.bind.CollectionTypeAdapterFactory$Adapter.read(CollectionTypeAdapterFactory.java:82)
[22:00:50] [Craft Scheduler Thread - 9 - MythicMobs/WARN]: 	at com.google.gson.internal.bind.CollectionTypeAdapterFactory$Adapter.read(CollectionTypeAdapterFactory.java:61)
[22:00:50] [Craft Scheduler Thread - 9 - MythicMobs/WARN]: 	at com.google.gson.internal.bind.ReflectiveTypeAdapterFactory$1.readIntoField(ReflectiveTypeAdapterFactory.java:212)
[22:00:50] [Craft Scheduler Thread - 9 - MythicMobs/WARN]: 	at com.google.gson.internal.bind.ReflectiveTypeAdapterFactory$FieldReflectionAdapter.readField(ReflectiveTypeAdapterFactory.java:433)
[22:00:50] [Craft Scheduler Thread - 9 - MythicMobs/WARN]: 	at com.google.gson.internal.bind.ReflectiveTypeAdapterFactory$Adapter.read(ReflectiveTypeAdapterFactory.java:393)
[22:00:50] [Craft Scheduler Thread - 9 - MythicMobs/WARN]: 	at com.google.gson.Gson.fromJson(Gson.java:1227)
[22:00:50] [Craft Scheduler Thread - 9 - MythicMobs/WARN]: 	at com.google.gson.Gson.fromJson(Gson.java:1137)
[22:00:50] [Craft Scheduler Thread - 9 - MythicMobs/WARN]: 	at com.google.gson.Gson.fromJson(Gson.java:1075)
[22:00:50] [Craft Scheduler Thread - 9 - MythicMobs/WARN]: 	at MythicCrucible-2.1.0.jar//io.lumine.mythiccrucible.generation.blockbench.AtlasGenerator.<init>(AtlasGenerator.java:36)
[22:00:50] [Craft Scheduler Thread - 9 - MythicMobs/WARN]: 	at MythicCrucible-2.1.0.jar//io.lumine.mythiccrucible.generation.PackGenerationManager.generatePack(PackGenerationManager.java:278)
[22:00:50] [Craft Scheduler Thread - 9 - MythicMobs/WARN]: 	at MythicCrucible-2.1.0.jar//io.lumine.mythiccrucible.generation.PackGenerationManager.lambda$new$0(PackGenerationManager.java:140)
[22:00:50] [Craft Scheduler Thread - 9 - MythicMobs/WARN]: 	at MythicMobs-5.8.2.jar//io.lumine.mythic.bukkit.utils.Delegates$RunnableToSupplier.get(Delegates.java:121)
[22:00:50] [Craft Scheduler Thread - 9 - MythicMobs/WARN]: 	at MythicMobs-5.8.2.jar//io.lumine.mythic.bukkit.utils.promise.LuminePromise$SupplyRunnable.run(LuminePromise.java:654)
[22:00:50] [Craft Scheduler Thread - 9 - MythicMobs/WARN]: 	at MythicMobs-5.8.2.jar//io.lumine.mythic.bukkit.utils.tasks.LumineExecutors$SchedulerWrappedRunnable.run(LumineExecutors.java:70)
[22:00:50] [Craft Scheduler Thread - 9 - MythicMobs/WARN]: 	at org.bukkit.craftbukkit.v1_20_R3.scheduler.CraftTask.run(CraftTask.java:101)
[22:00:50] [Craft Scheduler Thread - 9 - MythicMobs/WARN]: 	at org.bukkit.craftbukkit.v1_20_R3.scheduler.CraftAsyncTask.run(CraftAsyncTask.java:57)
[22:00:50] [Craft Scheduler Thread - 9 - MythicMobs/WARN]: 	at com.destroystokyo.paper.ServerSchedulerReportingWrapper.run(ServerSchedulerReportingWrapper.java:22)
[22:00:50] [Craft Scheduler Thread - 9 - MythicMobs/WARN]: 	at java.base/java.util.concurrent.ThreadPoolExecutor.runWorker(ThreadPoolExecutor.java:1144)
[22:00:50] [Craft Scheduler Thread - 9 - MythicMobs/WARN]: 	at java.base/java.util.concurrent.ThreadPoolExecutor$Worker.run(ThreadPoolExecutor.java:642)
[22:00:50] [Craft Scheduler Thread - 9 - MythicMobs/WARN]: 	at java.base/java.lang.Thread.run(Thread.java:1583)
